\BOOKMARK [0][-]{chapter.1}{\376\377\000C\000l\000a\000s\000s\000\040\000I\000n\000d\000e\000x}{}
\BOOKMARK [1][-]{section.1.1}{\376\377\000C\000l\000a\000s\000s\000\040\000L\000i\000s\000t}{chapter.1}
\BOOKMARK [0][-]{chapter.2}{\376\377\000F\000i\000l\000e\000\040\000I\000n\000d\000e\000x}{}
\BOOKMARK [1][-]{section.2.1}{\376\377\000F\000i\000l\000e\000\040\000L\000i\000s\000t}{chapter.2}
\BOOKMARK [0][-]{chapter.3}{\376\377\000C\000l\000a\000s\000s\000\040\000D\000o\000c\000u\000m\000e\000n\000t\000a\000t\000i\000o\000n}{}
\BOOKMARK [1][-]{section.3.1}{\376\377\000S\000D\000i\000s\000p\000l\000a\000y\000\040\000S\000t\000r\000u\000c\000t\000\040\000R\000e\000f\000e\000r\000e\000n\000c\000e}{chapter.3}
\BOOKMARK [2][-]{subsection.3.1.1}{\376\377\000D\000e\000t\000a\000i\000l\000e\000d\000\040\000D\000e\000s\000c\000r\000i\000p\000t\000i\000o\000n}{section.3.1}
\BOOKMARK [1][-]{section.3.2}{\376\377\000S\000G\000a\000m\000e\000\040\000S\000t\000r\000u\000c\000t\000\040\000R\000e\000f\000e\000r\000e\000n\000c\000e}{chapter.3}
\BOOKMARK [2][-]{subsection.3.2.1}{\376\377\000D\000e\000t\000a\000i\000l\000e\000d\000\040\000D\000e\000s\000c\000r\000i\000p\000t\000i\000o\000n}{section.3.2}
\BOOKMARK [1][-]{section.3.3}{\376\377\000S\000G\000a\000m\000e\000S\000t\000a\000t\000e\000\040\000S\000t\000r\000u\000c\000t\000\040\000R\000e\000f\000e\000r\000e\000n\000c\000e}{chapter.3}
\BOOKMARK [2][-]{subsection.3.3.1}{\376\377\000D\000e\000t\000a\000i\000l\000e\000d\000\040\000D\000e\000s\000c\000r\000i\000p\000t\000i\000o\000n}{section.3.3}
\BOOKMARK [1][-]{section.3.4}{\376\377\000S\000I\000A\000\137\000F\000u\000n\000c\000t\000i\000o\000n\000s\000\040\000S\000t\000r\000u\000c\000t\000\040\000R\000e\000f\000e\000r\000e\000n\000c\000e}{chapter.3}
\BOOKMARK [2][-]{subsection.3.4.1}{\376\377\000D\000e\000t\000a\000i\000l\000e\000d\000\040\000D\000e\000s\000c\000r\000i\000p\000t\000i\000o\000n}{section.3.4}
\BOOKMARK [1][-]{section.3.5}{\376\377\000S\000M\000o\000v\000e\000\040\000S\000t\000r\000u\000c\000t\000\040\000R\000e\000f\000e\000r\000e\000n\000c\000e}{chapter.3}
\BOOKMARK [2][-]{subsection.3.5.1}{\376\377\000D\000e\000t\000a\000i\000l\000e\000d\000\040\000D\000e\000s\000c\000r\000i\000p\000t\000i\000o\000n}{section.3.5}
\BOOKMARK [1][-]{section.3.6}{\376\377\000S\000Z\000o\000n\000e\000\040\000S\000t\000r\000u\000c\000t\000\040\000R\000e\000f\000e\000r\000e\000n\000c\000e}{chapter.3}
\BOOKMARK [2][-]{subsection.3.6.1}{\376\377\000D\000e\000t\000a\000i\000l\000e\000d\000\040\000D\000e\000s\000c\000r\000i\000p\000t\000i\000o\000n}{section.3.6}
\BOOKMARK [0][-]{chapter.4}{\376\377\000F\000i\000l\000e\000\040\000D\000o\000c\000u\000m\000e\000n\000t\000a\000t\000i\000o\000n}{}
\BOOKMARK [1][-]{section.4.1}{\376\377\000b\000a\000c\000k\000g\000a\000m\000m\000o\000n\000.\000h\000\040\000F\000i\000l\000e\000\040\000R\000e\000f\000e\000r\000e\000n\000c\000e}{chapter.4}
\BOOKMARK [2][-]{subsection.4.1.1}{\376\377\000D\000e\000t\000a\000i\000l\000e\000d\000\040\000D\000e\000s\000c\000r\000i\000p\000t\000i\000o\000n}{section.4.1}
\BOOKMARK [2][-]{subsection.4.1.2}{\376\377\000T\000y\000p\000e\000d\000e\000f\000\040\000D\000o\000c\000u\000m\000e\000n\000t\000a\000t\000i\000o\000n}{section.4.1}
\BOOKMARK [3][-]{subsubsection.4.1.2.1}{\376\377\000p\000f\000D\000o\000u\000b\000l\000e\000S\000t\000a\000c\000k}{subsection.4.1.2}
\BOOKMARK [3][-]{subsubsection.4.1.2.2}{\376\377\000p\000f\000E\000n\000d\000G\000a\000m\000e}{subsection.4.1.2}
\BOOKMARK [3][-]{subsubsection.4.1.2.3}{\376\377\000p\000f\000E\000n\000d\000M\000a\000t\000c\000h}{subsection.4.1.2}
\BOOKMARK [3][-]{subsubsection.4.1.2.4}{\376\377\000p\000f\000M\000a\000k\000e\000D\000e\000c\000i\000s\000i\000o\000n}{subsection.4.1.2}
\BOOKMARK [3][-]{subsubsection.4.1.2.5}{\376\377\000p\000f\000S\000t\000a\000r\000t\000G\000a\000m\000e}{subsection.4.1.2}
\BOOKMARK [3][-]{subsubsection.4.1.2.6}{\376\377\000p\000f\000T\000a\000k\000e\000D\000o\000u\000b\000l\000e}{subsection.4.1.2}
\BOOKMARK [1][-]{section.4.2}{\376\377\000d\000e\000f\000i\000n\000i\000t\000i\000o\000n\000s\000.\000h\000\040\000F\000i\000l\000e\000\040\000R\000e\000f\000e\000r\000e\000n\000c\000e}{chapter.4}
\BOOKMARK [2][-]{subsection.4.2.1}{\376\377\000D\000e\000t\000a\000i\000l\000e\000d\000\040\000D\000e\000s\000c\000r\000i\000p\000t\000i\000o\000n}{section.4.2}
\BOOKMARK [2][-]{subsection.4.2.2}{\376\377\000E\000n\000u\000m\000e\000r\000a\000t\000i\000o\000n\000\040\000T\000y\000p\000e\000\040\000D\000o\000c\000u\000m\000e\000n\000t\000a\000t\000i\000o\000n}{section.4.2}
\BOOKMARK [3][-]{subsubsection.4.2.2.1}{\376\377\000E\000G\000a\000m\000e\000M\000o\000d\000e}{subsection.4.2.2}
\BOOKMARK [2][-]{subsection.4.2.3}{\376\377\000F\000u\000n\000c\000t\000i\000o\000n\000\040\000D\000o\000c\000u\000m\000e\000n\000t\000a\000t\000i\000o\000n}{section.4.2}
\BOOKMARK [3][-]{subsubsection.4.2.3.1}{\376\377\000A\000r\000b\000i\000t\000r\000a\000t\000o\000r\000\137\000A\000u\000t\000h\000o\000r\000i\000z\000e\000d\000D\000e\000p\000l\000a\000c\000e\000m\000e\000n\000t}{subsection.4.2.3}
\BOOKMARK [3][-]{subsubsection.4.2.3.2}{\376\377\000A\000r\000b\000i\000t\000r\000a\000t\000o\000r\000\137\000E\000m\000p\000t\000y\000P\000o\000s\000i\000t\000i\000o\000n}{subsection.4.2.3}
\BOOKMARK [3][-]{subsubsection.4.2.3.3}{\376\377\000A\000r\000b\000i\000t\000r\000a\000t\000o\000r\000\137\000N\000u\000m\000b\000e\000r\000O\000f\000D\000i\000e\000C\000a\000n\000P\000l\000a\000y}{subsection.4.2.3}
\BOOKMARK [3][-]{subsubsection.4.2.3.4}{\376\377\000A\000r\000b\000i\000t\000r\000a\000t\000o\000r\000\137\000N\000u\000m\000b\000e\000r\000O\000f\000D\000i\000e\000F\000o\000r\000M\000o\000v\000e}{subsection.4.2.3}
\BOOKMARK [3][-]{subsubsection.4.2.3.5}{\376\377\000A\000r\000b\000i\000t\000r\000a\000t\000o\000r\000\137\000P\000i\000o\000n\000\137\000D\000e\000p\000a\000r\000t\000\137\000A\000u\000t\000o\000r\000i\000s\000e}{subsection.4.2.3}
\BOOKMARK [3][-]{subsubsection.4.2.3.6}{\376\377\000A\000r\000b\000i\000t\000r\000a\000t\000o\000r\000\137\000P\000l\000a\000y\000e\000r\000A\000r\000r\000a\000y\000s}{subsection.4.2.3}
\BOOKMARK [3][-]{subsubsection.4.2.3.7}{\376\377\000A\000r\000b\000i\000t\000r\000a\000t\000o\000r\000\137\000S\000e\000n\000s\000\137\000r\000o\000t\000a\000t\000i\000o\000n\000\137\000c\000o\000r\000r\000e\000c\000t}{subsection.4.2.3}
\BOOKMARK [3][-]{subsubsection.4.2.3.8}{\376\377\000A\000r\000b\000i\000t\000r\000a\000t\000o\000r\000\137\000T\000a\000i\000l\000l\000e\000\137\000M\000o\000u\000v\000e\000m\000e\000n\000t\000\137\000C\000o\000r\000r\000e\000c\000t\000e}{subsection.4.2.3}
\BOOKMARK [3][-]{subsubsection.4.2.3.9}{\376\377\000c\000a\000s\000e\000\137\000a\000p\000p\000a\000r\000t\000e\000n\000a\000n\000t\000\137\000j\000o\000u\000e\000u\000r\000\137\000a\000d\000v\000e\000r\000s\000e\000\137\000a\000v\000e\000c\000\137\000u\000n\000\137\000p\000i\000o\000n}{subsection.4.2.3}
\BOOKMARK [3][-]{subsubsection.4.2.3.10}{\376\377\000C\000h\000e\000c\000k\000\137\000A\000r\000g\000s}{subsection.4.2.3}
\BOOKMARK [3][-]{subsubsection.4.2.3.11}{\376\377\000C\000h\000e\000c\000k\000e\000r\000W\000i\000t\000h\000S\000c\000r\000e\000e\000n\000P\000o\000s\000i\000t\000i\000o\000n}{subsection.4.2.3}
\BOOKMARK [3][-]{subsubsection.4.2.3.12}{\376\377\000c\000o\000l\000o\000r\000C\000h\000e\000c\000k\000e\000r}{subsection.4.2.3}
\BOOKMARK [3][-]{subsubsection.4.2.3.13}{\376\377\000c\000o\000p\000y\000G\000a\000m\000e\000S\000t\000a\000t\000e}{subsection.4.2.3}
\BOOKMARK [3][-]{subsubsection.4.2.3.14}{\376\377\000D\000i\000s\000p\000l\000a\000y\000\137\000A\000r\000r\000o\000w\000\137\000P\000o\000s\000s\000i\000b\000i\000l\000i\000t\000i\000e\000s}{subsection.4.2.3}
\BOOKMARK [3][-]{subsubsection.4.2.3.15}{\376\377\000D\000i\000s\000p\000l\000a\000y\000\137\000C\000h\000e\000c\000k\000e\000r\000D\000r\000a\000w}{subsection.4.2.3}
\BOOKMARK [3][-]{subsubsection.4.2.3.16}{\376\377\000D\000i\000s\000p\000l\000a\000y\000\137\000C\000h\000e\000c\000k\000e\000r\000M\000o\000v\000e}{subsection.4.2.3}
\BOOKMARK [3][-]{subsubsection.4.2.3.17}{\376\377\000D\000i\000s\000p\000l\000a\000y\000\137\000C\000h\000e\000c\000k\000e\000r\000s}{subsection.4.2.3}
\BOOKMARK [3][-]{subsubsection.4.2.3.18}{\376\377\000D\000i\000s\000p\000l\000a\000y\000\137\000C\000h\000e\000c\000k\000e\000r\000s\000P\000o\000s\000s\000i\000b\000i\000l\000i\000t\000i\000e\000s}{subsection.4.2.3}
\BOOKMARK [3][-]{subsubsection.4.2.3.19}{\376\377\000D\000i\000s\000p\000l\000a\000y\000\137\000C\000l\000e\000a\000r}{subsection.4.2.3}
\BOOKMARK [3][-]{subsubsection.4.2.3.20}{\376\377\000D\000i\000s\000p\000l\000a\000y\000\137\000D\000i\000e}{subsection.4.2.3}
\BOOKMARK [3][-]{subsubsection.4.2.3.21}{\376\377\000D\000i\000s\000p\000l\000a\000y\000\137\000D\000r\000a\000w\000B\000a\000r}{subsection.4.2.3}
\BOOKMARK [3][-]{subsubsection.4.2.3.22}{\376\377\000D\000i\000s\000p\000l\000a\000y\000\137\000D\000r\000a\000w\000O\000u\000t}{subsection.4.2.3}
\BOOKMARK [3][-]{subsubsection.4.2.3.23}{\376\377\000D\000i\000s\000p\000l\000a\000y\000\137\000D\000r\000a\000w\000S\000e\000l\000e\000c\000t\000e\000d\000A\000r\000r\000o\000w}{subsection.4.2.3}
\BOOKMARK [3][-]{subsubsection.4.2.3.24}{\376\377\000D\000i\000s\000p\000l\000a\000y\000\137\000E\000x\000i\000t}{subsection.4.2.3}
\BOOKMARK [3][-]{subsubsection.4.2.3.25}{\376\377\000D\000i\000s\000p\000l\000a\000y\000\137\000G\000a\000m\000e\000A\000c\000t\000i\000o\000n\000s}{subsection.4.2.3}
\BOOKMARK [3][-]{subsubsection.4.2.3.26}{\376\377\000D\000i\000s\000p\000l\000a\000y\000\137\000I\000n\000i\000t}{subsection.4.2.3}
\BOOKMARK [3][-]{subsubsection.4.2.3.27}{\376\377\000D\000i\000s\000p\000l\000a\000y\000\137\000M\000e\000s\000s\000a\000g\000e}{subsection.4.2.3}
\BOOKMARK [3][-]{subsubsection.4.2.3.28}{\376\377\000D\000i\000s\000p\000l\000a\000y\000\137\000R\000e\000f\000r\000e\000s\000h\000G\000a\000m\000e\000B\000o\000a\000r\000d}{subsection.4.2.3}
\BOOKMARK [3][-]{subsubsection.4.2.3.29}{\376\377\000D\000i\000s\000p\000l\000a\000y\000\137\000S\000c\000o\000r\000e}{subsection.4.2.3}
\BOOKMARK [3][-]{subsubsection.4.2.3.30}{\376\377\000F\000r\000e\000e\000\137\000S\000A\000I}{subsection.4.2.3}
\BOOKMARK [3][-]{subsubsection.4.2.3.31}{\376\377\000G\000a\000m\000e\000\137\000F\000i\000r\000s\000t\000T\000o\000P\000l\000a\000y}{subsection.4.2.3}
\BOOKMARK [3][-]{subsubsection.4.2.3.32}{\376\377\000G\000a\000m\000e\000\137\000I\000n\000i\000t}{subsection.4.2.3}
\BOOKMARK [3][-]{subsubsection.4.2.3.33}{\376\377\000G\000a\000m\000e\000\137\000L\000a\000u\000n\000c\000h\000D\000i\000e}{subsection.4.2.3}
\BOOKMARK [3][-]{subsubsection.4.2.3.34}{\376\377\000G\000a\000m\000e\000\137\000P\000l\000a\000y}{subsection.4.2.3}
\BOOKMARK [3][-]{subsubsection.4.2.3.35}{\376\377\000g\000e\000t\000\137\000d\000i\000s\000t\000a\000n\000c\000e}{subsection.4.2.3}
\BOOKMARK [3][-]{subsubsection.4.2.3.36}{\376\377\000I\000n\000i\000t\000\137\000S\000A\000I}{subsection.4.2.3}
\BOOKMARK [3][-]{subsubsection.4.2.3.37}{\376\377\000i\000n\000T\000a\000b}{subsection.4.2.3}
\BOOKMARK [3][-]{subsubsection.4.2.3.38}{\376\377\000L\000o\000a\000d\000\137\000A\000P\000I}{subsection.4.2.3}
\BOOKMARK [3][-]{subsubsection.4.2.3.39}{\376\377\000M\000e\000n\000u\000\137\000C\000l\000i\000c\000k}{subsection.4.2.3}
\BOOKMARK [3][-]{subsubsection.4.2.3.40}{\376\377\000M\000e\000n\000u\000\137\000D\000i\000s\000p\000l\000a\000y}{subsection.4.2.3}
\BOOKMARK [3][-]{subsubsection.4.2.3.41}{\376\377\000M\000e\000n\000u\000\137\000F\000i\000l\000l}{subsection.4.2.3}
\BOOKMARK [3][-]{subsubsection.4.2.3.42}{\376\377\000M\000e\000n\000u\000\137\000T\000e\000x\000t}{subsection.4.2.3}
\BOOKMARK [3][-]{subsubsection.4.2.3.43}{\376\377\000M\000e\000n\000u\000\137\000T\000e\000x\000t\000I\000n\000p\000u\000t}{subsection.4.2.3}
